<?xml version="1.0" encoding="UTF-8"?>
<testsuite name="com.mgh.edd.examengradle.AppTest" tests="1" skipped="0" failures="0" errors="0" timestamp="2023-12-10T22:27:59" hostname="MarinaGS" time="0.001">
  <properties/>
  <testcase name="appHasAGreeting" classname="com.mgh.edd.examengradle.AppTest" time="0.001"/>
  <system-out><![CDATA[]]></system-out>
  <system-err><![CDATA[]]></system-err>
</testsuite>
